2023-08-02 15:57:33,444 [main] INFO  - [6dfc83de] Controller.read
2023-08-02 15:57:33,446 [main] INFO  - [6dfc83de] |-->Service.read
2023-08-02 15:57:33,447 [main] INFO  - [6dfc83de] | |-->Repository.read
2023-08-02 15:57:33,448 [main] INFO  - [6dfc83de] | |<--Repository.read time=1
2023-08-02 15:57:33,449 [main] INFO  - [6dfc83de] |<--Service.read time=4
2023-08-02 15:57:33,450 [main] INFO  - [6dfc83de] Controller.read time=11
2023-08-02 15:57:33,451 [main] INFO  - [468db429] Controller.read
2023-08-02 15:57:33,452 [main] INFO  - [468db429] |-->Service.read
2023-08-02 15:57:33,453 [main] INFO  - [468db429] | |-->Repository.read
2023-08-02 15:57:33,453 [main] INFO  - [468db429] | |<--Repository.read time=1
2023-08-02 15:57:33,454 [main] INFO  - [468db429] |<--Service.read time=2
2023-08-02 15:57:33,455 [main] INFO  - [468db429] Controller.read time=3
2023-08-02 16:07:06,457 [http-nio-8080-exec-1] INFO  - [8eb11d2f] ProductController.getMainPageProducts()
2023-08-02 16:07:06,458 [http-nio-8080-exec-1] INFO  - [8eb11d2f] |-->ProductServiceImpl.getMainPageProducts()
2023-08-02 16:07:06,458 [http-nio-8080-exec-1] INFO  - [8eb11d2f] | |-->ProductRepository.findTop4ByOrderByIdDesc()
2023-08-02 16:07:06,589 [http-nio-8080-exec-1] INFO  - [8eb11d2f] | |<--ProductRepository.findTop4ByOrderByIdDesc() time=131
2023-08-02 16:07:06,590 [http-nio-8080-exec-1] INFO  - [8eb11d2f] |<--ProductServiceImpl.getMainPageProducts() time=132
2023-08-02 16:07:06,598 [http-nio-8080-exec-1] INFO  - [8eb11d2f] ProductController.getMainPageProducts() time=144
2023-08-02 16:42:02,703 [http-nio-8080-exec-3] INFO  - [89e5c21d] ProductController.getMainPageProducts()
2023-08-02 16:42:02,704 [http-nio-8080-exec-3] INFO  - [89e5c21d] |-->ProductServiceImpl.getMainPageProducts()
2023-08-02 16:42:02,704 [http-nio-8080-exec-3] INFO  - [89e5c21d] | |-->ProductRepository.findTop4ByOrderByIdDesc()
2023-08-02 16:42:02,871 [http-nio-8080-exec-3] INFO  - [89e5c21d] | |<--ProductRepository.findTop4ByOrderByIdDesc() time=167
2023-08-02 16:42:02,872 [http-nio-8080-exec-3] INFO  - [89e5c21d] |<--ProductServiceImpl.getMainPageProducts() time=168
2023-08-02 16:42:02,880 [http-nio-8080-exec-3] INFO  - [89e5c21d] ProductController.getMainPageProducts() time=180
2023-08-02 16:42:46,060 [http-nio-8080-exec-6] INFO  - [4e26c543] ProductController.getMainPageProducts()
2023-08-02 16:42:46,061 [http-nio-8080-exec-6] INFO  - [4e26c543] |-->ProductServiceImpl.getMainPageProducts()
2023-08-02 16:42:46,063 [http-nio-8080-exec-6] INFO  - [4e26c543] | |-->ProductRepository.findTop4ByOrderByIdDesc()
2023-08-02 16:42:46,065 [http-nio-8080-exec-6] INFO  - [4e26c543] | |<--ProductRepository.findTop4ByOrderByIdDesc() time=3
2023-08-02 16:42:46,066 [http-nio-8080-exec-6] INFO  - [4e26c543] |<--ProductServiceImpl.getMainPageProducts() time=5
2023-08-02 16:42:46,066 [http-nio-8080-exec-6] INFO  - [4e26c543] ProductController.getMainPageProducts() time=6
2023-08-02 16:48:14,083 [http-nio-8080-exec-1] INFO  - [72fa306b] ProductController.getMainPageProducts()
2023-08-02 16:48:14,086 [http-nio-8080-exec-1] INFO  - [72fa306b] |-->ProductServiceImpl.getMainPageProducts()
2023-08-02 16:48:14,088 [http-nio-8080-exec-1] INFO  - [72fa306b] | |-->ProductRepository.findTop4ByOrderByIdDesc()
2023-08-02 16:48:14,354 [http-nio-8080-exec-1] INFO  - [72fa306b] | |<--ProductRepository.findTop4ByOrderByIdDesc() time=267
2023-08-02 16:48:14,356 [http-nio-8080-exec-1] INFO  - [72fa306b] |<--ProductServiceImpl.getMainPageProducts() time=271
2023-08-02 16:48:14,367 [http-nio-8080-exec-1] INFO  - [72fa306b] ProductController.getMainPageProducts() time=290
2023-08-02 16:48:21,702 [http-nio-8080-exec-4] INFO  - [2e499f65] ProductController.getMainPageProducts()
2023-08-02 16:48:21,704 [http-nio-8080-exec-4] INFO  - [2e499f65] |-->ProductServiceImpl.getMainPageProducts()
2023-08-02 16:48:21,705 [http-nio-8080-exec-4] INFO  - [2e499f65] | |-->ProductRepository.findTop4ByOrderByIdDesc()
2023-08-02 16:48:21,712 [http-nio-8080-exec-4] INFO  - [2e499f65] | |<--ProductRepository.findTop4ByOrderByIdDesc() time=7
2023-08-02 16:48:21,713 [http-nio-8080-exec-4] INFO  - [2e499f65] |<--ProductServiceImpl.getMainPageProducts() time=10
2023-08-02 16:48:21,713 [http-nio-8080-exec-4] INFO  - [2e499f65] ProductController.getMainPageProducts() time=11
2023-08-02 16:51:20,151 [Test worker] INFO  - [e0b2b6c8] Controller.read
2023-08-02 16:51:20,153 [Test worker] INFO  - [e0b2b6c8] |-->Service.read
2023-08-02 16:51:20,154 [Test worker] INFO  - [e0b2b6c8] |<X-Service.read time=2 ex=java.lang.NullPointerException
2023-08-02 16:51:20,155 [Test worker] INFO  - [e0b2b6c8] Controller.read time=7 ex=java.lang.NullPointerException
2023-08-02 17:05:03,308 [http-nio-8080-exec-1] INFO  - [a79c2c86] ProductController.getMainPageProducts()
2023-08-02 17:05:03,309 [http-nio-8080-exec-1] INFO  - [a79c2c86] |-->ProductServiceImpl.getMainPageProducts()
2023-08-02 17:05:03,309 [http-nio-8080-exec-1] INFO  - [a79c2c86] | |-->ProductRepository.findTop4ByOrderByIdDesc()
2023-08-02 17:05:03,540 [http-nio-8080-exec-1] INFO  - [a79c2c86] | |<--ProductRepository.findTop4ByOrderByIdDesc() time=230
2023-08-02 17:05:03,541 [http-nio-8080-exec-1] INFO  - [a79c2c86] |<--ProductServiceImpl.getMainPageProducts() time=233
2023-08-02 17:05:03,549 [http-nio-8080-exec-1] INFO  - [a79c2c86] ProductController.getMainPageProducts() time=243
2023-08-02 17:05:05,072 [http-nio-8080-exec-4] INFO  - [54f6d121] ProductController.getMainPageProducts()
2023-08-02 17:05:05,073 [http-nio-8080-exec-4] INFO  - [54f6d121] |-->ProductServiceImpl.getMainPageProducts()
2023-08-02 17:05:05,074 [http-nio-8080-exec-4] INFO  - [54f6d121] | |-->ProductRepository.findTop4ByOrderByIdDesc()
2023-08-02 17:05:05,078 [http-nio-8080-exec-4] INFO  - [54f6d121] | |<--ProductRepository.findTop4ByOrderByIdDesc() time=4
2023-08-02 17:05:05,078 [http-nio-8080-exec-4] INFO  - [54f6d121] |<--ProductServiceImpl.getMainPageProducts() time=5
2023-08-02 17:05:05,079 [http-nio-8080-exec-4] INFO  - [54f6d121] ProductController.getMainPageProducts() time=7
2023-08-02 17:05:10,000 [http-nio-8080-exec-7] INFO  - [cdc462f6] ProductController.getMainPageProducts()
2023-08-02 17:05:10,001 [http-nio-8080-exec-7] INFO  - [cdc462f6] |-->ProductServiceImpl.getMainPageProducts()
2023-08-02 17:05:10,001 [http-nio-8080-exec-7] INFO  - [cdc462f6] | |-->ProductRepository.findTop4ByOrderByIdDesc()
2023-08-02 17:05:10,003 [http-nio-8080-exec-7] INFO  - [cdc462f6] | |<--ProductRepository.findTop4ByOrderByIdDesc() time=2
2023-08-02 17:05:10,005 [http-nio-8080-exec-7] INFO  - [cdc462f6] |<--ProductServiceImpl.getMainPageProducts() time=4
2023-08-02 17:05:10,005 [http-nio-8080-exec-7] INFO  - [cdc462f6] ProductController.getMainPageProducts() time=6
2023-08-02 17:05:10,163 [http-nio-8080-exec-9] INFO  - [5f2e170e] ProductController.getMainPageProducts()
2023-08-02 17:05:10,163 [http-nio-8080-exec-9] INFO  - [5f2e170e] |-->ProductServiceImpl.getMainPageProducts()
2023-08-02 17:05:10,163 [http-nio-8080-exec-9] INFO  - [5f2e170e] | |-->ProductRepository.findTop4ByOrderByIdDesc()
2023-08-02 17:05:10,166 [http-nio-8080-exec-9] INFO  - [5f2e170e] | |<--ProductRepository.findTop4ByOrderByIdDesc() time=2
2023-08-02 17:05:10,168 [http-nio-8080-exec-9] INFO  - [5f2e170e] |<--ProductServiceImpl.getMainPageProducts() time=5
2023-08-02 17:05:10,169 [http-nio-8080-exec-9] INFO  - [5f2e170e] ProductController.getMainPageProducts() time=7
2023-08-02 17:05:16,924 [http-nio-8080-exec-2] INFO  - [59b8285d] ProductController.getMainPageProducts()
2023-08-02 17:05:16,925 [http-nio-8080-exec-2] INFO  - [59b8285d] |-->ProductServiceImpl.getMainPageProducts()
2023-08-02 17:05:16,926 [http-nio-8080-exec-2] INFO  - [59b8285d] | |-->ProductRepository.findTop4ByOrderByIdDesc()
2023-08-02 17:05:16,931 [http-nio-8080-exec-2] INFO  - [59b8285d] | |<--ProductRepository.findTop4ByOrderByIdDesc() time=5
2023-08-02 17:05:16,931 [http-nio-8080-exec-2] INFO  - [59b8285d] |<--ProductServiceImpl.getMainPageProducts() time=6
2023-08-02 17:05:16,931 [http-nio-8080-exec-2] INFO  - [59b8285d] ProductController.getMainPageProducts() time=7
2023-08-02 17:05:17,054 [http-nio-8080-exec-4] INFO  - [e71c7707] ProductController.getMainPageProducts()
2023-08-02 17:05:17,055 [http-nio-8080-exec-4] INFO  - [e71c7707] |-->ProductServiceImpl.getMainPageProducts()
2023-08-02 17:05:17,055 [http-nio-8080-exec-4] INFO  - [e71c7707] | |-->ProductRepository.findTop4ByOrderByIdDesc()
2023-08-02 17:05:17,058 [http-nio-8080-exec-4] INFO  - [e71c7707] | |<--ProductRepository.findTop4ByOrderByIdDesc() time=3
2023-08-02 17:05:17,058 [http-nio-8080-exec-4] INFO  - [e71c7707] |<--ProductServiceImpl.getMainPageProducts() time=4
2023-08-02 17:05:17,059 [http-nio-8080-exec-4] INFO  - [e71c7707] ProductController.getMainPageProducts() time=6
2023-08-02 17:05:17,156 [http-nio-8080-exec-6] INFO  - [5ef2c2cd] ProductController.getMainPageProducts()
2023-08-02 17:05:17,160 [http-nio-8080-exec-6] INFO  - [5ef2c2cd] |-->ProductServiceImpl.getMainPageProducts()
2023-08-02 17:05:17,161 [http-nio-8080-exec-6] INFO  - [5ef2c2cd] | |-->ProductRepository.findTop4ByOrderByIdDesc()
2023-08-02 17:05:17,165 [http-nio-8080-exec-6] INFO  - [5ef2c2cd] | |<--ProductRepository.findTop4ByOrderByIdDesc() time=3
2023-08-02 17:05:17,165 [http-nio-8080-exec-6] INFO  - [5ef2c2cd] |<--ProductServiceImpl.getMainPageProducts() time=6
2023-08-02 17:05:17,165 [http-nio-8080-exec-6] INFO  - [5ef2c2cd] ProductController.getMainPageProducts() time=10
2023-08-02 17:05:17,281 [http-nio-8080-exec-8] INFO  - [4b993ef1] ProductController.getMainPageProducts()
2023-08-02 17:05:17,281 [http-nio-8080-exec-8] INFO  - [4b993ef1] |-->ProductServiceImpl.getMainPageProducts()
2023-08-02 17:05:17,282 [http-nio-8080-exec-8] INFO  - [4b993ef1] | |-->ProductRepository.findTop4ByOrderByIdDesc()
2023-08-02 17:05:17,284 [http-nio-8080-exec-8] INFO  - [4b993ef1] | |<--ProductRepository.findTop4ByOrderByIdDesc() time=2
2023-08-02 17:05:17,284 [http-nio-8080-exec-8] INFO  - [4b993ef1] |<--ProductServiceImpl.getMainPageProducts() time=3
2023-08-02 17:05:17,285 [http-nio-8080-exec-8] INFO  - [4b993ef1] ProductController.getMainPageProducts() time=5
2023-08-02 17:05:17,411 [http-nio-8080-exec-10] INFO  - [6d48cf12] ProductController.getMainPageProducts()
2023-08-02 17:05:17,412 [http-nio-8080-exec-10] INFO  - [6d48cf12] |-->ProductServiceImpl.getMainPageProducts()
2023-08-02 17:05:17,413 [http-nio-8080-exec-10] INFO  - [6d48cf12] | |-->ProductRepository.findTop4ByOrderByIdDesc()
2023-08-02 17:05:17,416 [http-nio-8080-exec-10] INFO  - [6d48cf12] | |<--ProductRepository.findTop4ByOrderByIdDesc() time=3
2023-08-02 17:05:17,418 [http-nio-8080-exec-10] INFO  - [6d48cf12] |<--ProductServiceImpl.getMainPageProducts() time=6
2023-08-02 17:05:17,419 [http-nio-8080-exec-10] INFO  - [6d48cf12] ProductController.getMainPageProducts() time=8
2023-08-02 17:05:17,529 [http-nio-8080-exec-2] INFO  - [75b6ac5b] ProductController.getMainPageProducts()
2023-08-02 17:05:17,530 [http-nio-8080-exec-2] INFO  - [75b6ac5b] |-->ProductServiceImpl.getMainPageProducts()
2023-08-02 17:05:17,531 [http-nio-8080-exec-2] INFO  - [75b6ac5b] | |-->ProductRepository.findTop4ByOrderByIdDesc()
2023-08-02 17:05:17,536 [http-nio-8080-exec-2] INFO  - [75b6ac5b] | |<--ProductRepository.findTop4ByOrderByIdDesc() time=4
2023-08-02 17:05:17,540 [http-nio-8080-exec-2] INFO  - [75b6ac5b] |<--ProductServiceImpl.getMainPageProducts() time=9
2023-08-02 17:05:17,541 [http-nio-8080-exec-2] INFO  - [75b6ac5b] ProductController.getMainPageProducts() time=12
2023-08-02 17:06:39,546 [http-nio-8080-exec-1] INFO  - [db9feb5c] ProductController.getMainPageProducts()
2023-08-02 17:06:39,547 [http-nio-8080-exec-1] INFO  - [db9feb5c] |-->ProductServiceImpl.getMainPageProducts()
2023-08-02 17:06:39,548 [http-nio-8080-exec-1] INFO  - [db9feb5c] | |-->ProductRepository.findTop4ByOrderByIdDesc()
2023-08-02 17:06:39,665 [http-nio-8080-exec-1] INFO  - [db9feb5c] | |<--ProductRepository.findTop4ByOrderByIdDesc() time=117
2023-08-02 17:06:39,666 [http-nio-8080-exec-1] INFO  - [db9feb5c] |<--ProductServiceImpl.getMainPageProducts() time=118
2023-08-02 17:06:39,673 [http-nio-8080-exec-1] INFO  - [db9feb5c] ProductController.getMainPageProducts() time=130
2023-08-02 17:06:44,216 [http-nio-8080-exec-3] INFO  - [095981c0] ProductController.getMainPageProducts()
2023-08-02 17:06:44,216 [http-nio-8080-exec-3] INFO  - [095981c0] |-->ProductServiceImpl.getMainPageProducts()
2023-08-02 17:06:44,216 [http-nio-8080-exec-3] INFO  - [095981c0] | |-->ProductRepository.findTop4ByOrderByIdDesc()
2023-08-02 17:06:44,220 [http-nio-8080-exec-3] INFO  - [095981c0] | |<--ProductRepository.findTop4ByOrderByIdDesc() time=3
2023-08-02 17:06:44,221 [http-nio-8080-exec-3] INFO  - [095981c0] |<--ProductServiceImpl.getMainPageProducts() time=5
2023-08-02 17:06:44,221 [http-nio-8080-exec-3] INFO  - [095981c0] ProductController.getMainPageProducts() time=5
2023-08-02 17:06:44,333 [http-nio-8080-exec-5] INFO  - [290497cf] ProductController.getMainPageProducts()
2023-08-02 17:06:44,333 [http-nio-8080-exec-5] INFO  - [290497cf] |-->ProductServiceImpl.getMainPageProducts()
2023-08-02 17:06:44,333 [http-nio-8080-exec-5] INFO  - [290497cf] | |-->ProductRepository.findTop4ByOrderByIdDesc()
2023-08-02 17:06:44,335 [http-nio-8080-exec-5] INFO  - [290497cf] | |<--ProductRepository.findTop4ByOrderByIdDesc() time=2
2023-08-02 17:06:44,338 [http-nio-8080-exec-5] INFO  - [290497cf] |<--ProductServiceImpl.getMainPageProducts() time=4
2023-08-02 17:06:44,339 [http-nio-8080-exec-5] INFO  - [290497cf] ProductController.getMainPageProducts() time=7
2023-08-02 17:06:44,483 [http-nio-8080-exec-8] INFO  - [93a7d30e] ProductController.getMainPageProducts()
2023-08-02 17:06:44,485 [http-nio-8080-exec-8] INFO  - [93a7d30e] |-->ProductServiceImpl.getMainPageProducts()
2023-08-02 17:06:44,486 [http-nio-8080-exec-8] INFO  - [93a7d30e] | |-->ProductRepository.findTop4ByOrderByIdDesc()
2023-08-02 17:06:44,495 [http-nio-8080-exec-8] INFO  - [93a7d30e] | |<--ProductRepository.findTop4ByOrderByIdDesc() time=8
2023-08-02 17:06:44,497 [http-nio-8080-exec-8] INFO  - [93a7d30e] |<--ProductServiceImpl.getMainPageProducts() time=13
2023-08-02 17:06:44,498 [http-nio-8080-exec-8] INFO  - [93a7d30e] ProductController.getMainPageProducts() time=15
2023-08-02 17:06:44,625 [http-nio-8080-exec-10] INFO  - [f1c3f860] ProductController.getMainPageProducts()
2023-08-02 17:06:44,627 [http-nio-8080-exec-10] INFO  - [f1c3f860] |-->ProductServiceImpl.getMainPageProducts()
2023-08-02 17:06:44,628 [http-nio-8080-exec-10] INFO  - [f1c3f860] | |-->ProductRepository.findTop4ByOrderByIdDesc()
2023-08-02 17:06:44,630 [http-nio-8080-exec-10] INFO  - [f1c3f860] | |<--ProductRepository.findTop4ByOrderByIdDesc() time=3
2023-08-02 17:06:44,631 [http-nio-8080-exec-10] INFO  - [f1c3f860] |<--ProductServiceImpl.getMainPageProducts() time=5
2023-08-02 17:06:44,631 [http-nio-8080-exec-10] INFO  - [f1c3f860] ProductController.getMainPageProducts() time=7
