2023-08-02 02:00:27,345 [main] INFO  org.springframework.data.repository.config.RepositoryConfigurationDelegate(registerRepositoriesIn:138) - Bootstrapping Spring Data JPA repositories in DEFAULT mode.
2023-08-02 02:00:27,464 [main] INFO  org.springframework.data.repository.config.RepositoryConfigurationDelegate(registerRepositoriesIn:208) - Finished Spring Data repository scanning in 107 ms. Found 1 JPA repository interfaces.
2023-08-02 02:00:27,893 [main] WARN  org.springframework.core.LocalVariableTableParameterNameDiscoverer(inspectClass:123) - Using deprecated '-debug' fallback for parameter name resolution. Compile the affected code with '-parameters' instead or avoid its introspection: challenge.competer.global.log.LogAspect
2023-08-02 02:00:27,896 [main] WARN  org.springframework.core.LocalVariableTableParameterNameDiscoverer(inspectClass:123) - Using deprecated '-debug' fallback for parameter name resolution. Compile the affected code with '-parameters' instead or avoid its introspection: challenge.competer.global.log.LogAspect
2023-08-02 02:00:28,497 [main] INFO  org.springframework.boot.web.embedded.tomcat.TomcatWebServer(initialize:108) - Tomcat initialized with port(s): 8080 (http)
2023-08-02 02:00:28,643 [main] INFO  org.springframework.boot.web.servlet.context.ServletWebServerApplicationContext(prepareWebApplicationContext:291) - Root WebApplicationContext: initialization completed in 2412 ms
2023-08-02 02:00:29,017 [main] INFO  org.springframework.boot.autoconfigure.h2.H2ConsoleAutoConfiguration(logDataSources:88) - H2 console available at '/h2-console'. Database available at 'jdbc:h2:mem:testdb'
2023-08-02 02:00:30,991 [main] INFO  org.springframework.orm.jpa.LocalContainerEntityManagerFactoryBean(buildNativeEntityManagerFactory:437) - Initialized JPA EntityManagerFactory for persistence unit 'default'
2023-08-02 02:00:31,344 [main] WARN  org.springframework.core.LocalVariableTableParameterNameDiscoverer(inspectClass:123) - Using deprecated '-debug' fallback for parameter name resolution. Compile the affected code with '-parameters' instead or avoid its introspection: challenge.competer.domain.member.repository.MemberRepository
2023-08-02 02:00:31,671 [main] WARN  org.springframework.boot.autoconfigure.orm.jpa.JpaBaseConfiguration$JpaWebConfiguration(openEntityManagerInViewInterceptor:231) - spring.jpa.open-in-view is enabled by default. Therefore, database queries may be performed during view rendering. Explicitly configure spring.jpa.open-in-view to disable this warning
2023-08-02 02:00:32,120 [main] INFO  org.springframework.boot.web.embedded.tomcat.TomcatWebServer(start:220) - Tomcat started on port(s): 8080 (http) with context path ''
2023-08-02 02:01:01,668 [SpringApplicationShutdownHook] INFO  org.springframework.orm.jpa.LocalContainerEntityManagerFactoryBean(destroy:650) - Closing JPA EntityManagerFactory for persistence unit 'default'
2023-08-02 02:01:07,472 [main] INFO  org.springframework.data.repository.config.RepositoryConfigurationDelegate(registerRepositoriesIn:138) - Bootstrapping Spring Data JPA repositories in DEFAULT mode.
2023-08-02 02:01:07,574 [main] INFO  org.springframework.data.repository.config.RepositoryConfigurationDelegate(registerRepositoriesIn:208) - Finished Spring Data repository scanning in 94 ms. Found 1 JPA repository interfaces.
2023-08-02 02:01:07,889 [main] WARN  org.springframework.core.LocalVariableTableParameterNameDiscoverer(inspectClass:123) - Using deprecated '-debug' fallback for parameter name resolution. Compile the affected code with '-parameters' instead or avoid its introspection: challenge.competer.global.log.LogAspect
2023-08-02 02:01:07,890 [main] WARN  org.springframework.core.LocalVariableTableParameterNameDiscoverer(inspectClass:123) - Using deprecated '-debug' fallback for parameter name resolution. Compile the affected code with '-parameters' instead or avoid its introspection: challenge.competer.global.log.LogAspect
2023-08-02 02:01:08,333 [main] INFO  org.springframework.boot.web.embedded.tomcat.TomcatWebServer(initialize:108) - Tomcat initialized with port(s): 8080 (http)
2023-08-02 02:01:08,459 [main] INFO  org.springframework.boot.web.servlet.context.ServletWebServerApplicationContext(prepareWebApplicationContext:291) - Root WebApplicationContext: initialization completed in 1832 ms
2023-08-02 02:01:08,787 [main] INFO  org.springframework.boot.autoconfigure.h2.H2ConsoleAutoConfiguration(logDataSources:88) - H2 console available at '/h2-console'. Database available at 'jdbc:h2:mem:testdb'
2023-08-02 02:01:10,505 [main] INFO  org.springframework.orm.jpa.LocalContainerEntityManagerFactoryBean(buildNativeEntityManagerFactory:437) - Initialized JPA EntityManagerFactory for persistence unit 'default'
2023-08-02 02:01:10,798 [main] WARN  org.springframework.core.LocalVariableTableParameterNameDiscoverer(inspectClass:123) - Using deprecated '-debug' fallback for parameter name resolution. Compile the affected code with '-parameters' instead or avoid its introspection: challenge.competer.domain.member.repository.MemberRepository
2023-08-02 02:01:11,101 [main] WARN  org.springframework.boot.autoconfigure.orm.jpa.JpaBaseConfiguration$JpaWebConfiguration(openEntityManagerInViewInterceptor:231) - spring.jpa.open-in-view is enabled by default. Therefore, database queries may be performed during view rendering. Explicitly configure spring.jpa.open-in-view to disable this warning
2023-08-02 02:01:11,525 [main] INFO  org.springframework.boot.web.embedded.tomcat.TomcatWebServer(start:220) - Tomcat started on port(s): 8080 (http) with context path ''
2023-08-02 02:01:32,937 [http-nio-8080-exec-1] INFO  org.springframework.web.servlet.DispatcherServlet(initServletBean:532) - Initializing Servlet 'dispatcherServlet'
2023-08-02 02:01:32,939 [http-nio-8080-exec-1] INFO  org.springframework.web.servlet.DispatcherServlet(initServletBean:554) - Completed initialization in 1 ms
2023-08-02 02:03:04,975 [main] INFO  org.springframework.test.context.support.AnnotationConfigContextLoaderUtils(detectDefaultConfigurationClasses:83) - Could not detect default configuration classes for test class [challenge.competer.global.log.LogTraceImplTest]: LogTraceImplTest does not declare any static, non-private, non-final, nested classes annotated with @Configuration.
2023-08-02 02:03:05,189 [main] INFO  org.springframework.boot.test.context.SpringBootTestContextBootstrapper(getOrFindConfigurationClasses:248) - Found @SpringBootConfiguration challenge.competer.CompeterApplication for test class challenge.competer.global.log.LogTraceImplTest
2023-08-02 02:03:07,223 [main] INFO  org.springframework.data.repository.config.RepositoryConfigurationDelegate(registerRepositoriesIn:138) - Bootstrapping Spring Data JPA repositories in DEFAULT mode.
2023-08-02 02:03:07,438 [main] INFO  org.springframework.data.repository.config.RepositoryConfigurationDelegate(registerRepositoriesIn:208) - Finished Spring Data repository scanning in 198 ms. Found 1 JPA repository interfaces.
2023-08-02 02:03:07,921 [main] WARN  org.springframework.core.LocalVariableTableParameterNameDiscoverer(inspectClass:123) - Using deprecated '-debug' fallback for parameter name resolution. Compile the affected code with '-parameters' instead or avoid its introspection: challenge.competer.global.log.LogAspect
2023-08-02 02:03:07,924 [main] WARN  org.springframework.core.LocalVariableTableParameterNameDiscoverer(inspectClass:123) - Using deprecated '-debug' fallback for parameter name resolution. Compile the affected code with '-parameters' instead or avoid its introspection: challenge.competer.global.log.LogAspect
2023-08-02 02:03:11,034 [main] INFO  org.springframework.orm.jpa.LocalContainerEntityManagerFactoryBean(buildNativeEntityManagerFactory:437) - Initialized JPA EntityManagerFactory for persistence unit 'default'
2023-08-02 02:03:11,600 [main] WARN  org.springframework.core.LocalVariableTableParameterNameDiscoverer(inspectClass:123) - Using deprecated '-debug' fallback for parameter name resolution. Compile the affected code with '-parameters' instead or avoid its introspection: challenge.competer.domain.member.repository.MemberRepository
2023-08-02 02:03:12,292 [main] WARN  org.springframework.boot.autoconfigure.orm.jpa.JpaBaseConfiguration$JpaWebConfiguration(openEntityManagerInViewInterceptor:231) - spring.jpa.open-in-view is enabled by default. Therefore, database queries may be performed during view rendering. Explicitly configure spring.jpa.open-in-view to disable this warning
2023-08-02 02:03:12,988 [main] INFO  org.springframework.boot.autoconfigure.h2.H2ConsoleAutoConfiguration(logDataSources:88) - H2 console available at '/h2-console'. Database available at 'jdbc:h2:mem:testdb'
2023-08-02 02:03:13,472 [SpringApplicationShutdownHook] INFO  org.springframework.orm.jpa.LocalContainerEntityManagerFactoryBean(destroy:650) - Closing JPA EntityManagerFactory for persistence unit 'default'
2023-08-02 02:03:56,141 [main] INFO  org.springframework.test.context.support.AnnotationConfigContextLoaderUtils(detectDefaultConfigurationClasses:83) - Could not detect default configuration classes for test class [challenge.competer.global.log.LogTraceImplTest]: LogTraceImplTest does not declare any static, non-private, non-final, nested classes annotated with @Configuration.
2023-08-02 02:03:56,422 [main] INFO  org.springframework.boot.test.context.SpringBootTestContextBootstrapper(getOrFindConfigurationClasses:248) - Found @SpringBootConfiguration challenge.competer.CompeterApplication for test class challenge.competer.global.log.LogTraceImplTest
2023-08-02 02:03:58,716 [main] INFO  org.springframework.data.repository.config.RepositoryConfigurationDelegate(registerRepositoriesIn:138) - Bootstrapping Spring Data JPA repositories in DEFAULT mode.
2023-08-02 02:03:58,902 [main] INFO  org.springframework.data.repository.config.RepositoryConfigurationDelegate(registerRepositoriesIn:208) - Finished Spring Data repository scanning in 169 ms. Found 1 JPA repository interfaces.
2023-08-02 02:03:59,414 [main] WARN  org.springframework.core.LocalVariableTableParameterNameDiscoverer(inspectClass:123) - Using deprecated '-debug' fallback for parameter name resolution. Compile the affected code with '-parameters' instead or avoid its introspection: challenge.competer.global.log.LogAspect
2023-08-02 02:03:59,416 [main] WARN  org.springframework.core.LocalVariableTableParameterNameDiscoverer(inspectClass:123) - Using deprecated '-debug' fallback for parameter name resolution. Compile the affected code with '-parameters' instead or avoid its introspection: challenge.competer.global.log.LogAspect
2023-08-02 02:04:02,584 [main] INFO  org.springframework.orm.jpa.LocalContainerEntityManagerFactoryBean(buildNativeEntityManagerFactory:437) - Initialized JPA EntityManagerFactory for persistence unit 'default'
2023-08-02 02:04:03,250 [main] WARN  org.springframework.core.LocalVariableTableParameterNameDiscoverer(inspectClass:123) - Using deprecated '-debug' fallback for parameter name resolution. Compile the affected code with '-parameters' instead or avoid its introspection: challenge.competer.domain.member.repository.MemberRepository
2023-08-02 02:04:03,836 [main] WARN  org.springframework.boot.autoconfigure.orm.jpa.JpaBaseConfiguration$JpaWebConfiguration(openEntityManagerInViewInterceptor:231) - spring.jpa.open-in-view is enabled by default. Therefore, database queries may be performed during view rendering. Explicitly configure spring.jpa.open-in-view to disable this warning
2023-08-02 02:04:04,465 [main] INFO  org.springframework.boot.autoconfigure.h2.H2ConsoleAutoConfiguration(logDataSources:88) - H2 console available at '/h2-console'. Database available at 'jdbc:h2:mem:testdb'
2023-08-02 02:04:04,974 [SpringApplicationShutdownHook] INFO  org.springframework.orm.jpa.LocalContainerEntityManagerFactoryBean(destroy:650) - Closing JPA EntityManagerFactory for persistence unit 'default'
2023-08-02 02:05:51,320 [main] INFO  org.springframework.test.context.support.AnnotationConfigContextLoaderUtils(detectDefaultConfigurationClasses:83) - Could not detect default configuration classes for test class [challenge.competer.global.log.LogTraceImplTest]: LogTraceImplTest does not declare any static, non-private, non-final, nested classes annotated with @Configuration.
2023-08-02 02:05:51,579 [main] INFO  org.springframework.boot.test.context.SpringBootTestContextBootstrapper(getOrFindConfigurationClasses:248) - Found @SpringBootConfiguration challenge.competer.CompeterApplication for test class challenge.competer.global.log.LogTraceImplTest
2023-08-02 02:05:53,742 [main] INFO  org.springframework.data.repository.config.RepositoryConfigurationDelegate(registerRepositoriesIn:138) - Bootstrapping Spring Data JPA repositories in DEFAULT mode.
2023-08-02 02:05:53,918 [main] INFO  org.springframework.data.repository.config.RepositoryConfigurationDelegate(registerRepositoriesIn:208) - Finished Spring Data repository scanning in 151 ms. Found 1 JPA repository interfaces.
2023-08-02 02:05:54,403 [main] WARN  org.springframework.core.LocalVariableTableParameterNameDiscoverer(inspectClass:123) - Using deprecated '-debug' fallback for parameter name resolution. Compile the affected code with '-parameters' instead or avoid its introspection: challenge.competer.global.log.LogAspect
2023-08-02 02:05:54,405 [main] WARN  org.springframework.core.LocalVariableTableParameterNameDiscoverer(inspectClass:123) - Using deprecated '-debug' fallback for parameter name resolution. Compile the affected code with '-parameters' instead or avoid its introspection: challenge.competer.global.log.LogAspect
2023-08-02 02:05:57,855 [main] INFO  org.springframework.orm.jpa.LocalContainerEntityManagerFactoryBean(buildNativeEntityManagerFactory:437) - Initialized JPA EntityManagerFactory for persistence unit 'default'
2023-08-02 02:05:58,772 [main] WARN  org.springframework.core.LocalVariableTableParameterNameDiscoverer(inspectClass:123) - Using deprecated '-debug' fallback for parameter name resolution. Compile the affected code with '-parameters' instead or avoid its introspection: challenge.competer.domain.member.repository.MemberRepository
2023-08-02 02:05:59,591 [main] WARN  org.springframework.boot.autoconfigure.orm.jpa.JpaBaseConfiguration$JpaWebConfiguration(openEntityManagerInViewInterceptor:231) - spring.jpa.open-in-view is enabled by default. Therefore, database queries may be performed during view rendering. Explicitly configure spring.jpa.open-in-view to disable this warning
2023-08-02 02:06:00,354 [main] INFO  org.springframework.boot.autoconfigure.h2.H2ConsoleAutoConfiguration(logDataSources:88) - H2 console available at '/h2-console'. Database available at 'jdbc:h2:mem:testdb'
2023-08-02 02:06:01,014 [SpringApplicationShutdownHook] INFO  org.springframework.orm.jpa.LocalContainerEntityManagerFactoryBean(destroy:650) - Closing JPA EntityManagerFactory for persistence unit 'default'
2023-08-02 02:06:21,525 [main] INFO  org.springframework.test.context.support.AnnotationConfigContextLoaderUtils(detectDefaultConfigurationClasses:83) - Could not detect default configuration classes for test class [challenge.competer.global.log.LogTraceImplTest]: LogTraceImplTest does not declare any static, non-private, non-final, nested classes annotated with @Configuration.
2023-08-02 02:06:21,744 [main] INFO  org.springframework.boot.test.context.SpringBootTestContextBootstrapper(getOrFindConfigurationClasses:248) - Found @SpringBootConfiguration challenge.competer.CompeterApplication for test class challenge.competer.global.log.LogTraceImplTest
2023-08-02 02:06:24,145 [main] INFO  org.springframework.data.repository.config.RepositoryConfigurationDelegate(registerRepositoriesIn:138) - Bootstrapping Spring Data JPA repositories in DEFAULT mode.
2023-08-02 02:06:24,348 [main] INFO  org.springframework.data.repository.config.RepositoryConfigurationDelegate(registerRepositoriesIn:208) - Finished Spring Data repository scanning in 180 ms. Found 1 JPA repository interfaces.
2023-08-02 02:06:24,873 [main] WARN  org.springframework.core.LocalVariableTableParameterNameDiscoverer(inspectClass:123) - Using deprecated '-debug' fallback for parameter name resolution. Compile the affected code with '-parameters' instead or avoid its introspection: challenge.competer.global.log.LogAspect
2023-08-02 02:06:24,875 [main] WARN  org.springframework.core.LocalVariableTableParameterNameDiscoverer(inspectClass:123) - Using deprecated '-debug' fallback for parameter name resolution. Compile the affected code with '-parameters' instead or avoid its introspection: challenge.competer.global.log.LogAspect
2023-08-02 02:06:28,013 [main] INFO  org.springframework.orm.jpa.LocalContainerEntityManagerFactoryBean(buildNativeEntityManagerFactory:437) - Initialized JPA EntityManagerFactory for persistence unit 'default'
2023-08-02 02:06:28,735 [main] WARN  org.springframework.core.LocalVariableTableParameterNameDiscoverer(inspectClass:123) - Using deprecated '-debug' fallback for parameter name resolution. Compile the affected code with '-parameters' instead or avoid its introspection: challenge.competer.domain.member.repository.MemberRepository
2023-08-02 02:06:29,543 [main] WARN  org.springframework.boot.autoconfigure.orm.jpa.JpaBaseConfiguration$JpaWebConfiguration(openEntityManagerInViewInterceptor:231) - spring.jpa.open-in-view is enabled by default. Therefore, database queries may be performed during view rendering. Explicitly configure spring.jpa.open-in-view to disable this warning
2023-08-02 02:06:30,268 [main] INFO  org.springframework.boot.autoconfigure.h2.H2ConsoleAutoConfiguration(logDataSources:88) - H2 console available at '/h2-console'. Database available at 'jdbc:h2:mem:testdb'
2023-08-02 02:06:30,906 [SpringApplicationShutdownHook] INFO  org.springframework.orm.jpa.LocalContainerEntityManagerFactoryBean(destroy:650) - Closing JPA EntityManagerFactory for persistence unit 'default'
2023-08-02 02:06:43,545 [main] INFO  org.springframework.test.context.support.AnnotationConfigContextLoaderUtils(detectDefaultConfigurationClasses:83) - Could not detect default configuration classes for test class [challenge.competer.global.log.LogAspectTest]: LogAspectTest does not declare any static, non-private, non-final, nested classes annotated with @Configuration.
2023-08-02 02:06:43,852 [main] INFO  org.springframework.boot.test.context.SpringBootTestContextBootstrapper(getOrFindConfigurationClasses:248) - Found @SpringBootConfiguration challenge.competer.CompeterApplication for test class challenge.competer.global.log.LogAspectTest
2023-08-02 02:06:46,270 [main] INFO  org.springframework.data.repository.config.RepositoryConfigurationDelegate(registerRepositoriesIn:138) - Bootstrapping Spring Data JPA repositories in DEFAULT mode.
2023-08-02 02:06:46,434 [main] INFO  org.springframework.data.repository.config.RepositoryConfigurationDelegate(registerRepositoriesIn:208) - Finished Spring Data repository scanning in 141 ms. Found 1 JPA repository interfaces.
2023-08-02 02:06:47,883 [main] WARN  org.springframework.core.LocalVariableTableParameterNameDiscoverer(inspectClass:123) - Using deprecated '-debug' fallback for parameter name resolution. Compile the affected code with '-parameters' instead or avoid its introspection: challenge.competer.global.log.LogAspect
2023-08-02 02:06:47,886 [main] WARN  org.springframework.core.LocalVariableTableParameterNameDiscoverer(inspectClass:123) - Using deprecated '-debug' fallback for parameter name resolution. Compile the affected code with '-parameters' instead or avoid its introspection: challenge.competer.global.log.LogAspect
2023-08-02 02:06:50,414 [main] INFO  org.springframework.orm.jpa.LocalContainerEntityManagerFactoryBean(buildNativeEntityManagerFactory:437) - Initialized JPA EntityManagerFactory for persistence unit 'default'
2023-08-02 02:06:51,211 [main] WARN  org.springframework.core.LocalVariableTableParameterNameDiscoverer(inspectClass:123) - Using deprecated '-debug' fallback for parameter name resolution. Compile the affected code with '-parameters' instead or avoid its introspection: challenge.competer.domain.member.repository.MemberRepository
2023-08-02 02:06:51,949 [main] WARN  org.springframework.boot.autoconfigure.orm.jpa.JpaBaseConfiguration$JpaWebConfiguration(openEntityManagerInViewInterceptor:231) - spring.jpa.open-in-view is enabled by default. Therefore, database queries may be performed during view rendering. Explicitly configure spring.jpa.open-in-view to disable this warning
2023-08-02 02:06:52,684 [main] INFO  org.springframework.boot.autoconfigure.h2.H2ConsoleAutoConfiguration(logDataSources:88) - H2 console available at '/h2-console'. Database available at 'jdbc:h2:mem:testdb'
2023-08-02 02:06:52,824 [main] INFO  org.springframework.boot.test.mock.web.SpringBootMockServletContext(log:435) - Initializing Spring TestDispatcherServlet ''
2023-08-02 02:06:52,824 [main] INFO  org.springframework.test.web.servlet.TestDispatcherServlet(initServletBean:532) - Initializing Servlet ''
2023-08-02 02:06:52,829 [main] INFO  org.springframework.test.web.servlet.TestDispatcherServlet(initServletBean:554) - Completed initialization in 1 ms
2023-08-02 02:06:53,478 [SpringApplicationShutdownHook] INFO  org.springframework.orm.jpa.LocalContainerEntityManagerFactoryBean(destroy:650) - Closing JPA EntityManagerFactory for persistence unit 'default'
2023-08-02 02:14:46,096 [SpringApplicationShutdownHook] INFO  org.springframework.orm.jpa.LocalContainerEntityManagerFactoryBean(destroy:650) - Closing JPA EntityManagerFactory for persistence unit 'default'
2023-08-02 02:14:50,438 [main] ERROR org.springframework.boot.SpringApplication(reportFailure:822) - Application run failed
java.lang.IllegalStateException: java.lang.IllegalStateException: Could not initialize Log4J2 logging from log4j2.xml
	at org.springframework.boot.context.logging.LoggingApplicationListener.initializeSystem(LoggingApplicationListener.java:347) ~[spring-boot-3.0.9.jar:3.0.9]
	at org.springframework.boot.context.logging.LoggingApplicationListener.initialize(LoggingApplicationListener.java:298) ~[spring-boot-3.0.9.jar:3.0.9]
	at org.springframework.boot.context.logging.LoggingApplicationListener.onApplicationEnvironmentPreparedEvent(LoggingApplicationListener.java:246) ~[spring-boot-3.0.9.jar:3.0.9]
	at org.springframework.boot.context.logging.LoggingApplicationListener.onApplicationEvent(LoggingApplicationListener.java:223) ~[spring-boot-3.0.9.jar:3.0.9]
	at org.springframework.context.event.SimpleApplicationEventMulticaster.doInvokeListener(SimpleApplicationEventMulticaster.java:172) ~[spring-context-6.0.11.jar:6.0.11]
	at org.springframework.context.event.SimpleApplicationEventMulticaster.invokeListener(SimpleApplicationEventMulticaster.java:165) ~[spring-context-6.0.11.jar:6.0.11]
	at org.springframework.context.event.SimpleApplicationEventMulticaster.multicastEvent(SimpleApplicationEventMulticaster.java:143) ~[spring-context-6.0.11.jar:6.0.11]
	at org.springframework.context.event.SimpleApplicationEventMulticaster.multicastEvent(SimpleApplicationEventMulticaster.java:131) ~[spring-context-6.0.11.jar:6.0.11]
	at org.springframework.boot.context.event.EventPublishingRunListener.multicastInitialEvent(EventPublishingRunListener.java:136) ~[spring-boot-3.0.9.jar:3.0.9]
	at org.springframework.boot.context.event.EventPublishingRunListener.environmentPrepared(EventPublishingRunListener.java:81) ~[spring-boot-3.0.9.jar:3.0.9]
	at org.springframework.boot.SpringApplicationRunListeners.lambda$environmentPrepared$2(SpringApplicationRunListeners.java:64) ~[spring-boot-3.0.9.jar:3.0.9]
	at java.lang.Iterable.forEach(Iterable.java:75) ~[?:?]
	at org.springframework.boot.SpringApplicationRunListeners.doWithListeners(SpringApplicationRunListeners.java:118) ~[spring-boot-3.0.9.jar:3.0.9]
	at org.springframework.boot.SpringApplicationRunListeners.doWithListeners(SpringApplicationRunListeners.java:112) ~[spring-boot-3.0.9.jar:3.0.9]
	at org.springframework.boot.SpringApplicationRunListeners.environmentPrepared(SpringApplicationRunListeners.java:63) ~[spring-boot-3.0.9.jar:3.0.9]
	at org.springframework.boot.SpringApplication.prepareEnvironment(SpringApplication.java:354) ~[spring-boot-3.0.9.jar:3.0.9]
	at org.springframework.boot.SpringApplication.run(SpringApplication.java:305) ~[spring-boot-3.0.9.jar:3.0.9]
	at org.springframework.boot.SpringApplication.run(SpringApplication.java:1304) ~[spring-boot-3.0.9.jar:3.0.9]
	at org.springframework.boot.SpringApplication.run(SpringApplication.java:1293) ~[spring-boot-3.0.9.jar:3.0.9]
	at challenge.competer.CompeterApplication.main(CompeterApplication.java:12) ~[classes/:?]
Caused by: java.lang.IllegalStateException: Could not initialize Log4J2 logging from log4j2.xml
	at org.springframework.boot.logging.log4j2.Log4J2LoggingSystem.loadConfiguration(Log4J2LoggingSystem.java:297) ~[spring-boot-3.0.9.jar:3.0.9]
	at org.springframework.boot.logging.log4j2.Log4J2LoggingSystem.loadConfiguration(Log4J2LoggingSystem.java:272) ~[spring-boot-3.0.9.jar:3.0.9]
	at org.springframework.boot.logging.AbstractLoggingSystem.initializeWithSpecificConfig(AbstractLoggingSystem.java:66) ~[spring-boot-3.0.9.jar:3.0.9]
	at org.springframework.boot.logging.AbstractLoggingSystem.initialize(AbstractLoggingSystem.java:57) ~[spring-boot-3.0.9.jar:3.0.9]
	at org.springframework.boot.logging.log4j2.Log4J2LoggingSystem.initialize(Log4J2LoggingSystem.java:246) ~[spring-boot-3.0.9.jar:3.0.9]
	at org.springframework.boot.context.logging.LoggingApplicationListener.initializeSystem(LoggingApplicationListener.java:335) ~[spring-boot-3.0.9.jar:3.0.9]
	... 19 more
Caused by: java.io.FileNotFoundException: C:\Users\USER\Desktop\server\log4j2.xml (지정된 파일을 찾을 수 없습니다)
	at java.io.FileInputStream.open0(Native Method) ~[?:?]
	at java.io.FileInputStream.open(FileInputStream.java:216) ~[?:?]
	at java.io.FileInputStream.<init>(FileInputStream.java:157) ~[?:?]
	at java.io.FileInputStream.<init>(FileInputStream.java:111) ~[?:?]
	at sun.net.www.protocol.file.FileURLConnection.connect(FileURLConnection.java:86) ~[?:?]
	at sun.net.www.protocol.file.FileURLConnection.getInputStream(FileURLConnection.java:189) ~[?:?]
	at java.net.URL.openStream(URL.java:1161) ~[?:?]
	at org.springframework.boot.logging.log4j2.Log4J2LoggingSystem.getConfigurationSource(Log4J2LoggingSystem.java:309) ~[spring-boot-3.0.9.jar:3.0.9]
	at org.springframework.boot.logging.log4j2.Log4J2LoggingSystem.load(Log4J2LoggingSystem.java:303) ~[spring-boot-3.0.9.jar:3.0.9]
	at org.springframework.boot.logging.log4j2.Log4J2LoggingSystem.loadConfiguration(Log4J2LoggingSystem.java:288) ~[spring-boot-3.0.9.jar:3.0.9]
	at org.springframework.boot.logging.log4j2.Log4J2LoggingSystem.loadConfiguration(Log4J2LoggingSystem.java:272) ~[spring-boot-3.0.9.jar:3.0.9]
	at org.springframework.boot.logging.AbstractLoggingSystem.initializeWithSpecificConfig(AbstractLoggingSystem.java:66) ~[spring-boot-3.0.9.jar:3.0.9]
	at org.springframework.boot.logging.AbstractLoggingSystem.initialize(AbstractLoggingSystem.java:57) ~[spring-boot-3.0.9.jar:3.0.9]
	at org.springframework.boot.logging.log4j2.Log4J2LoggingSystem.initialize(Log4J2LoggingSystem.java:246) ~[spring-boot-3.0.9.jar:3.0.9]
	at org.springframework.boot.context.logging.LoggingApplicationListener.initializeSystem(LoggingApplicationListener.java:335) ~[spring-boot-3.0.9.jar:3.0.9]
	... 19 more
2023-08-02 02:49:30,080 [main] INFO  org.springframework.data.repository.config.RepositoryConfigurationDelegate(registerRepositoriesIn:138) - Bootstrapping Spring Data JPA repositories in DEFAULT mode.
2023-08-02 02:49:30,193 [main] INFO  org.springframework.data.repository.config.RepositoryConfigurationDelegate(registerRepositoriesIn:208) - Finished Spring Data repository scanning in 100 ms. Found 1 JPA repository interfaces.
2023-08-02 02:49:30,531 [main] WARN  org.springframework.core.LocalVariableTableParameterNameDiscoverer(inspectClass:123) - Using deprecated '-debug' fallback for parameter name resolution. Compile the affected code with '-parameters' instead or avoid its introspection: challenge.competer.global.log.LogAspect
2023-08-02 02:49:30,533 [main] WARN  org.springframework.core.LocalVariableTableParameterNameDiscoverer(inspectClass:123) - Using deprecated '-debug' fallback for parameter name resolution. Compile the affected code with '-parameters' instead or avoid its introspection: challenge.competer.global.log.LogAspect
2023-08-02 02:49:31,075 [main] INFO  org.springframework.boot.web.embedded.tomcat.TomcatWebServer(initialize:108) - Tomcat initialized with port(s): 8080 (http)
2023-08-02 02:49:31,224 [main] INFO  org.springframework.boot.web.servlet.context.ServletWebServerApplicationContext(prepareWebApplicationContext:291) - Root WebApplicationContext: initialization completed in 2176 ms
2023-08-02 02:49:31,700 [main] INFO  org.springframework.boot.autoconfigure.h2.H2ConsoleAutoConfiguration(logDataSources:88) - H2 console available at '/h2-console'. Database available at 'jdbc:h2:mem:testdb'
2023-08-02 02:49:33,591 [main] INFO  org.springframework.orm.jpa.LocalContainerEntityManagerFactoryBean(buildNativeEntityManagerFactory:437) - Initialized JPA EntityManagerFactory for persistence unit 'default'
2023-08-02 02:49:33,990 [main] WARN  org.springframework.core.LocalVariableTableParameterNameDiscoverer(inspectClass:123) - Using deprecated '-debug' fallback for parameter name resolution. Compile the affected code with '-parameters' instead or avoid its introspection: challenge.competer.domain.member.repository.MemberRepository
2023-08-02 02:49:34,317 [main] WARN  org.springframework.boot.autoconfigure.orm.jpa.JpaBaseConfiguration$JpaWebConfiguration(openEntityManagerInViewInterceptor:231) - spring.jpa.open-in-view is enabled by default. Therefore, database queries may be performed during view rendering. Explicitly configure spring.jpa.open-in-view to disable this warning
2023-08-02 02:49:34,756 [main] INFO  org.springframework.boot.web.embedded.tomcat.TomcatWebServer(start:220) - Tomcat started on port(s): 8080 (http) with context path ''
2023-08-02 02:49:42,824 [SpringApplicationShutdownHook] INFO  org.springframework.orm.jpa.LocalContainerEntityManagerFactoryBean(destroy:650) - Closing JPA EntityManagerFactory for persistence unit 'default'
